<?xml version="1.0" encoding="UTF-8"?>
<!-- Generated by org.testng.reporters.JUnitReportReporter -->
<testsuite skipped="0" hostname="DESKTOP-7AS2HJK" name="File.SumValidation" tests="1" failures="0" timestamp="2021-11-21T18:53:04 IST" time="4.235" errors="0">
  <testcase name="sumOfCourses" time="4.235" classname="File.SumValidation"/>
  <system-out/>
</testsuite> <!-- File.SumValidation -->
